<?xml version="1.0" encoding="UTF-8"?>
<!-- Generated by org.testng.reporters.JUnitXMLReporter -->
<testsuite hostname="Dell" name="Default test" tests="2" failures="0" timestamp="18 Sep 2019 13:43:36 GMT" time="9.233" errors="0">
  <testcase name="getResponseBody" time="0.01" classname="com.employeeapi.testcases.TC005_Delete_Employee_Record"/>
  <testcase name="validateStatusCode" time="0.01" classname="com.employeeapi.testcases.TC005_Delete_Employee_Record"/>
</testsuite> <!-- Default test -->
