<?xml version="1.0" encoding="UTF-8"?>
<!-- Generated by org.testng.reporters.JUnitXMLReporter -->
<testsuite hostname="Dell" name="restassuredtests" tests="20" failures="3" timestamp="21 Sep 2019 11:44:34 GMT" time="24.406" errors="0">
  <testcase name="checkContentEncoding" time="0.042" classname="com.employeeapi.testcases.TC001_Get_All_Employees"/>
  <testcase name="checkContentLength" time="0.004" classname="com.employeeapi.testcases.TC001_Get_All_Employees">
    <failure type="java.lang.NumberFormatException" message="null">
      <![CDATA[java.lang.NumberFormatException: null
	at java.lang.Integer.parseInt(Unknown Source)
	at java.lang.Integer.parseInt(Unknown Source)
	at com.employeeapi.testcases.TC001_Get_All_Employees.checkContentLength(TC001_Get_All_Employees.java:109)
... Removed 24 stack frames]]>
    </failure>
  </testcase> <!-- checkContentLength -->
  <testcase name="checkContentType" time="0.003" classname="com.employeeapi.testcases.TC001_Get_All_Employees"/>
  <testcase name="checkCookie" time="0.005" classname="com.employeeapi.testcases.TC001_Get_All_Employees"/>
  <testcase name="checkResponseBody" time="0.159" classname="com.employeeapi.testcases.TC001_Get_All_Employees"/>
  <testcase name="checkResponseTime" time="0.006" classname="com.employeeapi.testcases.TC001_Get_All_Employees">
    <failure type="java.lang.AssertionError" message="expected [true] but found [false]">
      <![CDATA[java.lang.AssertionError: expected [true] but found [false]
	at com.employeeapi.testcases.TC001_Get_All_Employees.checkResponseTime(TC001_Get_All_Employees.java:59)
... Removed 28 stack frames]]>
    </failure>
  </testcase> <!-- checkResponseTime -->
  <testcase name="checkServerType" time="0.006" classname="com.employeeapi.testcases.TC001_Get_All_Employees">
    <failure type="java.lang.AssertionError" message="expected [nginx/1.14.1] but found [Apache]">
      <![CDATA[java.lang.AssertionError: expected [nginx/1.14.1] but found [Apache]
	at com.employeeapi.testcases.TC001_Get_All_Employees.checkServerType(TC001_Get_All_Employees.java:89)
... Removed 30 stack frames]]>
    </failure>
  </testcase> <!-- checkServerType -->
  <testcase name="checkStatusCode" time="0.004" classname="com.employeeapi.testcases.TC001_Get_All_Employees"/>
  <testcase name="checkStatusLine" time="0.003" classname="com.employeeapi.testcases.TC001_Get_All_Employees"/>
  <testcase name="checkContentEncoding" time="0.002" classname="com.employeeapi.testcases.TC003_Post_Employee_Record"/>
  <testcase name="checkContentLength" time="0.001" classname="com.employeeapi.testcases.TC003_Post_Employee_Record"/>
  <testcase name="checkContentType" time="0.007" classname="com.employeeapi.testcases.TC003_Post_Employee_Record"/>
  <testcase name="checkResponseBody" time="0.002" classname="com.employeeapi.testcases.TC003_Post_Employee_Record"/>
  <testcase name="checkServer" time="0.001" classname="com.employeeapi.testcases.TC003_Post_Employee_Record"/>
  <testcase name="checkStatusCode" time="0.001" classname="com.employeeapi.testcases.TC003_Post_Employee_Record"/>
  <testcase name="checkStatusLine" time="0.001" classname="com.employeeapi.testcases.TC003_Post_Employee_Record"/>
  <testcase name="checkSuccessCode" time="0.001" classname="com.employeeapi.testcases.TC003_Post_Employee_Record"/>
  <testcase name="checkResponseBody" time="0.002" classname="com.employeeapi.testcases.TC004_Put_Employee_Record"/>
  <testcase name="getResponseBody" time="0.007" classname="com.employeeapi.testcases.TC005_Delete_Employee_Record"/>
  <testcase name="validateStatusCode" time="0.007" classname="com.employeeapi.testcases.TC005_Delete_Employee_Record"/>
</testsuite> <!-- restassuredtests -->
